Start testing: Jul 14 20:17 CST
----------------------------------------------------------
1/1 Testing: unittest
1/1 Test: unittest
Command: "/home/gallon/workSpace/private/Collie/build/test/unittests/unittest" "--gtest_output=xml:report.xml"
Directory: /home/gallon/workSpace/private/Collie/build/test/unittests
"unittest" start time: Jul 14 20:17 CST
Output:
----------------------------------------------------------
[==========] Running 1 test from 1 test case.
[----------] Global test environment set-up.
[----------] 1 test from NegativeTest
[ RUN      ] NegativeTest.HandlesPositiveInput
/home/gallon/workSpace/private/Collie/test/unittests/String.cc:9: Failure
Value of: IsNegative(1)
  Actual: false
Expected: true
[  FAILED  ] NegativeTest.HandlesPositiveInput (0 ms)
[----------] 1 test from NegativeTest (0 ms total)

[----------] Global test environment tear-down
[==========] 1 test from 1 test case ran. (0 ms total)
[  PASSED  ] 0 tests.
[  FAILED  ] 1 test, listed below:
[  FAILED  ] NegativeTest.HandlesPositiveInput

 1 FAILED TEST
<end of output>
Test time =   0.00 sec
----------------------------------------------------------
Test Failed.
"unittest" end time: Jul 14 20:17 CST
"unittest" time elapsed: 00:00:00
----------------------------------------------------------

End testing: Jul 14 20:17 CST
