<?xml version="1.0" encoding="UTF-8"?>
<testsuites tests="1" failures="1" disabled="0" errors="0" timestamp="2016-07-14T20:17:41" time="0" name="AllTests">
  <testsuite name="NegativeTest" tests="1" failures="1" disabled="0" errors="0" time="0">
    <testcase name="HandlesPositiveInput" status="run" time="0" classname="NegativeTest">
      <failure message="/home/gallon/workSpace/private/Collie/test/unittests/String.cc:9&#x0A;Value of: IsNegative(1)&#x0A;  Actual: false&#x0A;Expected: true" type=""><![CDATA[/home/gallon/workSpace/private/Collie/test/unittests/String.cc:9
Value of: IsNegative(1)
  Actual: false
Expected: true]]></failure>
    </testcase>
  </testsuite>
</testsuites>
